{"$message_type":"diagnostic","message":"unresolved import `chrono`","code":{"code":"E0432","explanation":"An import was unresolved.\n\nErroneous code example:\n\n```compile_fail,E0432\nuse something::Foo; // error: unresolved import `something::Foo`.\n```\n\nIn Rust 2015, paths in `use` statements are relative to the crate root. To\nimport items relative to the current and parent modules, use the `self::` and\n`super::` prefixes, respectively.\n\nIn Rust 2018 or later, paths in `use` statements are relative to the current\nmodule unless they begin with the name of a crate or a literal `crate::`, in\nwhich case they start from the crate root. As in Rust 2015 code, the `self::`\nand `super::` prefixes refer to the current and parent modules respectively.\n\nAlso verify that you didn't misspell the import name and that the import exists\nin the module from where you tried to import it. Example:\n\n```\nuse self::something::Foo; // Ok.\n\nmod something {\n    pub struct Foo;\n}\n# fn main() {}\n```\n\nIf you tried to use a module from an external crate and are using Rust 2015,\nyou may have missed the `extern crate` declaration (which is usually placed in\nthe crate root):\n\n```edition2015\nextern crate core; // Required to use the `core` crate in Rust 2015.\n\nuse core::any;\n# fn main() {}\n```\n\nSince Rust 2018 the `extern crate` declaration is not required and\nyou can instead just `use` it:\n\n```edition2018\nuse core::any; // No extern crate required in Rust 2018.\n# fn main() {}\n```\n"},"level":"error","spans":[{"file_name":"src/main.rs","byte_start":350,"byte_end":356,"line_start":8,"line_end":8,"column_start":5,"column_end":11,"is_primary":true,"text":[{"text":"use chrono::Local;","highlight_start":5,"highlight_end":11}],"label":"use of undeclared crate or module `chrono`","suggested_replacement":null,"suggestion_applicability":null,"expansion":null}],"children":[],"rendered":"\u001b[0m\u001b[1m\u001b[38;5;9merror[E0432]\u001b[0m\u001b[0m\u001b[1m: unresolved import `chrono`\u001b[0m\n\u001b[0m \u001b[0m\u001b[0m\u001b[1m\u001b[38;5;12m--> \u001b[0m\u001b[0msrc/main.rs:8:5\u001b[0m\n\u001b[0m  \u001b[0m\u001b[0m\u001b[1m\u001b[38;5;12m|\u001b[0m\n\u001b[0m\u001b[1m\u001b[38;5;12m8\u001b[0m\u001b[0m \u001b[0m\u001b[0m\u001b[1m\u001b[38;5;12m|\u001b[0m\u001b[0m \u001b[0m\u001b[0muse chrono::Local;\u001b[0m\n\u001b[0m  \u001b[0m\u001b[0m\u001b[1m\u001b[38;5;12m|\u001b[0m\u001b[0m     \u001b[0m\u001b[0m\u001b[1m\u001b[38;5;9m^^^^^^\u001b[0m\u001b[0m \u001b[0m\u001b[0m\u001b[1m\u001b[38;5;9muse of undeclared crate or module `chrono`\u001b[0m\n\n"}
{"$message_type":"diagnostic","message":"failed to resolve: use of undeclared crate or module `chrono`","code":{"code":"E0433","explanation":"An undeclared crate, module, or type was used.\n\nErroneous code example:\n\n```compile_fail,E0433\nlet map = HashMap::new();\n// error: failed to resolve: use of undeclared type `HashMap`\n```\n\nPlease verify you didn't misspell the type/module's name or that you didn't\nforget to import it:\n\n```\nuse std::collections::HashMap; // HashMap has been imported.\nlet map: HashMap<u32, u32> = HashMap::new(); // So it can be used!\n```\n\nIf you've expected to use a crate name:\n\n```compile_fail\nuse ferris_wheel::BigO;\n// error: failed to resolve: use of undeclared crate or module `ferris_wheel`\n```\n\nMake sure the crate has been added as a dependency in `Cargo.toml`.\n\nTo use a module from your current crate, add the `crate::` prefix to the path.\n"},"level":"error","spans":[{"file_name":"src/main.rs","byte_start":1536,"byte_end":1542,"line_start":54,"line_end":54,"column_start":20,"column_end":26,"is_primary":true,"text":[{"text":"        let time = chrono::Local::now().to_string();","highlight_start":20,"highlight_end":26}],"label":"use of undeclared crate or module `chrono`","suggested_replacement":null,"suggestion_applicability":null,"expansion":null}],"children":[],"rendered":"\u001b[0m\u001b[1m\u001b[38;5;9merror[E0433]\u001b[0m\u001b[0m\u001b[1m: failed to resolve: use of undeclared crate or module `chrono`\u001b[0m\n\u001b[0m  \u001b[0m\u001b[0m\u001b[1m\u001b[38;5;12m--> \u001b[0m\u001b[0msrc/main.rs:54:20\u001b[0m\n\u001b[0m   \u001b[0m\u001b[0m\u001b[1m\u001b[38;5;12m|\u001b[0m\n\u001b[0m\u001b[1m\u001b[38;5;12m54\u001b[0m\u001b[0m \u001b[0m\u001b[0m\u001b[1m\u001b[38;5;12m|\u001b[0m\u001b[0m \u001b[0m\u001b[0m        let time = chrono::Local::now().to_string();\u001b[0m\n\u001b[0m   \u001b[0m\u001b[0m\u001b[1m\u001b[38;5;12m|\u001b[0m\u001b[0m                    \u001b[0m\u001b[0m\u001b[1m\u001b[38;5;9m^^^^^^\u001b[0m\u001b[0m \u001b[0m\u001b[0m\u001b[1m\u001b[38;5;9muse of undeclared crate or module `chrono`\u001b[0m\n\n"}
{"$message_type":"diagnostic","message":"failed to resolve: use of undeclared crate or module `chrono`","code":{"code":"E0433","explanation":"An undeclared crate, module, or type was used.\n\nErroneous code example:\n\n```compile_fail,E0433\nlet map = HashMap::new();\n// error: failed to resolve: use of undeclared type `HashMap`\n```\n\nPlease verify you didn't misspell the type/module's name or that you didn't\nforget to import it:\n\n```\nuse std::collections::HashMap; // HashMap has been imported.\nlet map: HashMap<u32, u32> = HashMap::new(); // So it can be used!\n```\n\nIf you've expected to use a crate name:\n\n```compile_fail\nuse ferris_wheel::BigO;\n// error: failed to resolve: use of undeclared crate or module `ferris_wheel`\n```\n\nMake sure the crate has been added as a dependency in `Cargo.toml`.\n\nTo use a module from your current crate, add the `crate::` prefix to the path.\n"},"level":"error","spans":[{"file_name":"src/main.rs","byte_start":2351,"byte_end":2357,"line_start":74,"line_end":74,"column_start":20,"column_end":26,"is_primary":true,"text":[{"text":"        let time = chrono::Local::now().to_string();","highlight_start":20,"highlight_end":26}],"label":"use of undeclared crate or module `chrono`","suggested_replacement":null,"suggestion_applicability":null,"expansion":null}],"children":[],"rendered":"\u001b[0m\u001b[1m\u001b[38;5;9merror[E0433]\u001b[0m\u001b[0m\u001b[1m: failed to resolve: use of undeclared crate or module `chrono`\u001b[0m\n\u001b[0m  \u001b[0m\u001b[0m\u001b[1m\u001b[38;5;12m--> \u001b[0m\u001b[0msrc/main.rs:74:20\u001b[0m\n\u001b[0m   \u001b[0m\u001b[0m\u001b[1m\u001b[38;5;12m|\u001b[0m\n\u001b[0m\u001b[1m\u001b[38;5;12m74\u001b[0m\u001b[0m \u001b[0m\u001b[0m\u001b[1m\u001b[38;5;12m|\u001b[0m\u001b[0m \u001b[0m\u001b[0m        let time = chrono::Local::now().to_string();\u001b[0m\n\u001b[0m   \u001b[0m\u001b[0m\u001b[1m\u001b[38;5;12m|\u001b[0m\u001b[0m                    \u001b[0m\u001b[0m\u001b[1m\u001b[38;5;9m^^^^^^\u001b[0m\u001b[0m \u001b[0m\u001b[0m\u001b[1m\u001b[38;5;9muse of undeclared crate or module `chrono`\u001b[0m\n\n"}
{"$message_type":"diagnostic","message":"failed to resolve: use of undeclared crate or module `chrono`","code":{"code":"E0433","explanation":"An undeclared crate, module, or type was used.\n\nErroneous code example:\n\n```compile_fail,E0433\nlet map = HashMap::new();\n// error: failed to resolve: use of undeclared type `HashMap`\n```\n\nPlease verify you didn't misspell the type/module's name or that you didn't\nforget to import it:\n\n```\nuse std::collections::HashMap; // HashMap has been imported.\nlet map: HashMap<u32, u32> = HashMap::new(); // So it can be used!\n```\n\nIf you've expected to use a crate name:\n\n```compile_fail\nuse ferris_wheel::BigO;\n// error: failed to resolve: use of undeclared crate or module `ferris_wheel`\n```\n\nMake sure the crate has been added as a dependency in `Cargo.toml`.\n\nTo use a module from your current crate, add the `crate::` prefix to the path.\n"},"level":"error","spans":[{"file_name":"src/main.rs","byte_start":3164,"byte_end":3170,"line_start":94,"line_end":94,"column_start":20,"column_end":26,"is_primary":true,"text":[{"text":"        let time = chrono::Local::now().to_string();","highlight_start":20,"highlight_end":26}],"label":"use of undeclared crate or module `chrono`","suggested_replacement":null,"suggestion_applicability":null,"expansion":null}],"children":[],"rendered":"\u001b[0m\u001b[1m\u001b[38;5;9merror[E0433]\u001b[0m\u001b[0m\u001b[1m: failed to resolve: use of undeclared crate or module `chrono`\u001b[0m\n\u001b[0m  \u001b[0m\u001b[0m\u001b[1m\u001b[38;5;12m--> \u001b[0m\u001b[0msrc/main.rs:94:20\u001b[0m\n\u001b[0m   \u001b[0m\u001b[0m\u001b[1m\u001b[38;5;12m|\u001b[0m\n\u001b[0m\u001b[1m\u001b[38;5;12m94\u001b[0m\u001b[0m \u001b[0m\u001b[0m\u001b[1m\u001b[38;5;12m|\u001b[0m\u001b[0m \u001b[0m\u001b[0m        let time = chrono::Local::now().to_string();\u001b[0m\n\u001b[0m   \u001b[0m\u001b[0m\u001b[1m\u001b[38;5;12m|\u001b[0m\u001b[0m                    \u001b[0m\u001b[0m\u001b[1m\u001b[38;5;9m^^^^^^\u001b[0m\u001b[0m \u001b[0m\u001b[0m\u001b[1m\u001b[38;5;9muse of undeclared crate or module `chrono`\u001b[0m\n\n"}
{"$message_type":"diagnostic","message":"unused import: `std::io::Write`","code":{"code":"unused_imports","explanation":null},"level":"warning","spans":[{"file_name":"src/main.rs","byte_start":310,"byte_end":324,"line_start":6,"line_end":6,"column_start":5,"column_end":19,"is_primary":true,"text":[{"text":"use std::io::Write;","highlight_start":5,"highlight_end":19}],"label":null,"suggested_replacement":null,"suggestion_applicability":null,"expansion":null}],"children":[{"message":"`#[warn(unused_imports)]` on by default","code":null,"level":"note","spans":[],"children":[],"rendered":null},{"message":"remove the whole `use` item","code":null,"level":"help","spans":[{"file_name":"src/main.rs","byte_start":306,"byte_end":326,"line_start":6,"line_end":7,"column_start":1,"column_end":1,"is_primary":true,"text":[{"text":"use std::io::Write;","highlight_start":1,"highlight_end":20},{"text":"use reqwest::Error;","highlight_start":1,"highlight_end":1}],"label":null,"suggested_replacement":"","suggestion_applicability":"MachineApplicable","expansion":null}],"children":[],"rendered":null}],"rendered":"\u001b[0m\u001b[1m\u001b[33mwarning\u001b[0m\u001b[0m\u001b[1m: unused import: `std::io::Write`\u001b[0m\n\u001b[0m \u001b[0m\u001b[0m\u001b[1m\u001b[38;5;12m--> \u001b[0m\u001b[0msrc/main.rs:6:5\u001b[0m\n\u001b[0m  \u001b[0m\u001b[0m\u001b[1m\u001b[38;5;12m|\u001b[0m\n\u001b[0m\u001b[1m\u001b[38;5;12m6\u001b[0m\u001b[0m \u001b[0m\u001b[0m\u001b[1m\u001b[38;5;12m|\u001b[0m\u001b[0m \u001b[0m\u001b[0muse std::io::Write;\u001b[0m\n\u001b[0m  \u001b[0m\u001b[0m\u001b[1m\u001b[38;5;12m|\u001b[0m\u001b[0m     \u001b[0m\u001b[0m\u001b[1m\u001b[33m^^^^^^^^^^^^^^\u001b[0m\n\u001b[0m  \u001b[0m\u001b[0m\u001b[1m\u001b[38;5;12m|\u001b[0m\n\u001b[0m  \u001b[0m\u001b[0m\u001b[1m\u001b[38;5;12m= \u001b[0m\u001b[0m\u001b[1mnote\u001b[0m\u001b[0m: `#[warn(unused_imports)]` on by default\u001b[0m\n\n"}
{"$message_type":"diagnostic","message":"unused import: `reqwest::Error`","code":{"code":"unused_imports","explanation":null},"level":"warning","spans":[{"file_name":"src/main.rs","byte_start":330,"byte_end":344,"line_start":7,"line_end":7,"column_start":5,"column_end":19,"is_primary":true,"text":[{"text":"use reqwest::Error;","highlight_start":5,"highlight_end":19}],"label":null,"suggested_replacement":null,"suggestion_applicability":null,"expansion":null}],"children":[{"message":"remove the whole `use` item","code":null,"level":"help","spans":[{"file_name":"src/main.rs","byte_start":326,"byte_end":346,"line_start":7,"line_end":8,"column_start":1,"column_end":1,"is_primary":true,"text":[{"text":"use reqwest::Error;","highlight_start":1,"highlight_end":20},{"text":"use chrono::Local;","highlight_start":1,"highlight_end":1}],"label":null,"suggested_replacement":"","suggestion_applicability":"MachineApplicable","expansion":null}],"children":[],"rendered":null}],"rendered":"\u001b[0m\u001b[1m\u001b[33mwarning\u001b[0m\u001b[0m\u001b[1m: unused import: `reqwest::Error`\u001b[0m\n\u001b[0m \u001b[0m\u001b[0m\u001b[1m\u001b[38;5;12m--> \u001b[0m\u001b[0msrc/main.rs:7:5\u001b[0m\n\u001b[0m  \u001b[0m\u001b[0m\u001b[1m\u001b[38;5;12m|\u001b[0m\n\u001b[0m\u001b[1m\u001b[38;5;12m7\u001b[0m\u001b[0m \u001b[0m\u001b[0m\u001b[1m\u001b[38;5;12m|\u001b[0m\u001b[0m \u001b[0m\u001b[0muse reqwest::Error;\u001b[0m\n\u001b[0m  \u001b[0m\u001b[0m\u001b[1m\u001b[38;5;12m|\u001b[0m\u001b[0m     \u001b[0m\u001b[0m\u001b[1m\u001b[33m^^^^^^^^^^^^^^\u001b[0m\n\n"}
{"$message_type":"diagnostic","message":"unused import: `async_trait::async_trait`","code":{"code":"unused_imports","explanation":null},"level":"warning","spans":[{"file_name":"src/main.rs","byte_start":369,"byte_end":393,"line_start":9,"line_end":9,"column_start":5,"column_end":29,"is_primary":true,"text":[{"text":"use async_trait::async_trait;","highlight_start":5,"highlight_end":29}],"label":null,"suggested_replacement":null,"suggestion_applicability":null,"expansion":null}],"children":[{"message":"remove the whole `use` item","code":null,"level":"help","spans":[{"file_name":"src/main.rs","byte_start":365,"byte_end":395,"line_start":9,"line_end":10,"column_start":1,"column_end":1,"is_primary":true,"text":[{"text":"use async_trait::async_trait;","highlight_start":1,"highlight_end":30},{"text":"","highlight_start":1,"highlight_end":1}],"label":null,"suggested_replacement":"","suggestion_applicability":"MachineApplicable","expansion":null}],"children":[],"rendered":null}],"rendered":"\u001b[0m\u001b[1m\u001b[33mwarning\u001b[0m\u001b[0m\u001b[1m: unused import: `async_trait::async_trait`\u001b[0m\n\u001b[0m \u001b[0m\u001b[0m\u001b[1m\u001b[38;5;12m--> \u001b[0m\u001b[0msrc/main.rs:9:5\u001b[0m\n\u001b[0m  \u001b[0m\u001b[0m\u001b[1m\u001b[38;5;12m|\u001b[0m\n\u001b[0m\u001b[1m\u001b[38;5;12m9\u001b[0m\u001b[0m \u001b[0m\u001b[0m\u001b[1m\u001b[38;5;12m|\u001b[0m\u001b[0m \u001b[0m\u001b[0muse async_trait::async_trait;\u001b[0m\n\u001b[0m  \u001b[0m\u001b[0m\u001b[1m\u001b[38;5;12m|\u001b[0m\u001b[0m     \u001b[0m\u001b[0m\u001b[1m\u001b[33m^^^^^^^^^^^^^^^^^^^^^^^^\u001b[0m\n\n"}
{"$message_type":"diagnostic","message":"lifetime parameters or bounds on method `fetch_price` do not match the trait declaration","code":{"code":"E0195","explanation":"The lifetime parameters of the method do not match the trait declaration.\n\nErroneous code example:\n\n```compile_fail,E0195\ntrait Trait {\n    fn bar<'a,'b:'a>(x: &'a str, y: &'b str);\n}\n\nstruct Foo;\n\nimpl Trait for Foo {\n    fn bar<'a,'b>(x: &'a str, y: &'b str) {\n    // error: lifetime parameters or bounds on method `bar`\n    // do not match the trait declaration\n    }\n}\n```\n\nThe lifetime constraint `'b` for `bar()` implementation does not match the\ntrait declaration. Ensure lifetime declarations match exactly in both trait\ndeclaration and implementation. Example:\n\n```\ntrait Trait {\n    fn t<'a,'b:'a>(x: &'a str, y: &'b str);\n}\n\nstruct Foo;\n\nimpl Trait for Foo {\n    fn t<'a,'b:'a>(x: &'a str, y: &'b str) { // ok!\n    }\n}\n```\n"},"level":"error","spans":[{"file_name":"src/main.rs","byte_start":1839,"byte_end":1839,"line_start":63,"line_end":63,"column_start":19,"column_end":19,"is_primary":true,"text":[{"text":"    fn fetch_price(&self) -> f64 {","highlight_start":19,"highlight_end":19}],"label":"lifetimes do not match method in trait","suggested_replacement":null,"suggestion_applicability":null,"expansion":null},{"file_name":"src/main.rs","byte_start":944,"byte_end":962,"line_start":38,"line_end":38,"column_start":14,"column_end":32,"is_primary":false,"text":[{"text":"    async fn fetch_price(&self) -> Result<f64, reqwest::Error>;","highlight_start":14,"highlight_end":32}],"label":"lifetimes in impl do not match this method in trait","suggested_replacement":null,"suggestion_applicability":null,"expansion":null},{"file_name":"src/main.rs","byte_start":887,"byte_end":914,"line_start":36,"line_end":36,"column_start":1,"column_end":28,"is_primary":false,"text":[{"text":"#[async_trait::async_trait]","highlight_start":1,"highlight_end":28}],"label":"this bound might be missing in the impl","suggested_replacement":null,"suggestion_applicability":null,"expansion":{"span":{"file_name":"src/main.rs","byte_start":887,"byte_end":914,"line_start":36,"line_end":36,"column_start":1,"column_end":28,"is_primary":false,"text":[{"text":"#[async_trait::async_trait]","highlight_start":1,"highlight_end":28}],"label":null,"suggested_replacement":null,"suggestion_applicability":null,"expansion":null},"macro_decl_name":"#[async_trait::async_trait]","def_site_span":{"file_name":"/home/codespace/.cargo/registry/src/index.crates.io-6f17d22bba15001f/async-trait-0.1.83/src/lib.rs","byte_start":10438,"byte_end":10510,"line_start":352,"line_end":352,"column_start":1,"column_end":73,"is_primary":false,"text":[{"text":"pub fn async_trait(args: TokenStream, input: TokenStream) -> TokenStream {","highlight_start":1,"highlight_end":73}],"label":null,"suggested_replacement":null,"suggestion_applicability":null,"expansion":null}}}],"children":[],"rendered":"\u001b[0m\u001b[1m\u001b[38;5;9merror[E0195]\u001b[0m\u001b[0m\u001b[1m: lifetime parameters or bounds on method `fetch_price` do not match the trait declaration\u001b[0m\n\u001b[0m  \u001b[0m\u001b[0m\u001b[1m\u001b[38;5;12m--> \u001b[0m\u001b[0msrc/main.rs:63:19\u001b[0m\n\u001b[0m   \u001b[0m\u001b[0m\u001b[1m\u001b[38;5;12m|\u001b[0m\n\u001b[0m\u001b[1m\u001b[38;5;12m36\u001b[0m\u001b[0m \u001b[0m\u001b[0m\u001b[1m\u001b[38;5;12m|\u001b[0m\u001b[0m \u001b[0m\u001b[0m#[async_trait::async_trait]\u001b[0m\n\u001b[0m   \u001b[0m\u001b[0m\u001b[1m\u001b[38;5;12m|\u001b[0m\u001b[0m \u001b[0m\u001b[0m\u001b[1m\u001b[38;5;12m---------------------------\u001b[0m\u001b[0m \u001b[0m\u001b[0m\u001b[1m\u001b[38;5;12mthis bound might be missing in the impl\u001b[0m\n\u001b[0m\u001b[1m\u001b[38;5;12m37\u001b[0m\u001b[0m \u001b[0m\u001b[0m\u001b[1m\u001b[38;5;12m|\u001b[0m\u001b[0m \u001b[0m\u001b[0mtrait Pricing {\u001b[0m\n\u001b[0m\u001b[1m\u001b[38;5;12m38\u001b[0m\u001b[0m \u001b[0m\u001b[0m\u001b[1m\u001b[38;5;12m|\u001b[0m\u001b[0m \u001b[0m\u001b[0m    async fn fetch_price(&self) -> Result<f64, reqwest::Error>;\u001b[0m\n\u001b[0m   \u001b[0m\u001b[0m\u001b[1m\u001b[38;5;12m|\u001b[0m\u001b[0m              \u001b[0m\u001b[0m\u001b[1m\u001b[38;5;12m------------------\u001b[0m\u001b[0m \u001b[0m\u001b[0m\u001b[1m\u001b[38;5;12mlifetimes in impl do not match this method in trait\u001b[0m\n\u001b[0m\u001b[1m\u001b[38;5;12m...\u001b[0m\n\u001b[0m\u001b[1m\u001b[38;5;12m63\u001b[0m\u001b[0m \u001b[0m\u001b[0m\u001b[1m\u001b[38;5;12m|\u001b[0m\u001b[0m \u001b[0m\u001b[0m    fn fetch_price(&self) -> f64 {\u001b[0m\n\u001b[0m   \u001b[0m\u001b[0m\u001b[1m\u001b[38;5;12m|\u001b[0m\u001b[0m                   \u001b[0m\u001b[0m\u001b[1m\u001b[38;5;9m^\u001b[0m\u001b[0m \u001b[0m\u001b[0m\u001b[1m\u001b[38;5;9mlifetimes do not match method in trait\u001b[0m\n\n"}
{"$message_type":"diagnostic","message":"method `save_to_file` has 1 parameter but the declaration in trait `Pricing::save_to_file` has 2","code":{"code":"E0050","explanation":"An attempted implementation of a trait method has the wrong number of function\nparameters.\n\nErroneous code example:\n\n```compile_fail,E0050\ntrait Foo {\n    fn foo(&self, x: u8) -> bool;\n}\n\nstruct Bar;\n\n// error: method `foo` has 1 parameter but the declaration in trait `Foo::foo`\n// has 2\nimpl Foo for Bar {\n    fn foo(&self) -> bool { true }\n}\n```\n\nFor example, the `Foo` trait has a method `foo` with two function parameters\n(`&self` and `u8`), but the implementation of `foo` for the type `Bar` omits\nthe `u8` parameter. To fix this error, they must have the same parameters:\n\n```\ntrait Foo {\n    fn foo(&self, x: u8) -> bool;\n}\n\nstruct Bar;\n\nimpl Foo for Bar {\n    fn foo(&self, x: u8) -> bool { // ok!\n        true\n    }\n}\n```\n"},"level":"error","spans":[{"file_name":"src/main.rs","byte_start":1015,"byte_end":1032,"line_start":39,"line_end":39,"column_start":21,"column_end":38,"is_primary":false,"text":[{"text":"    fn save_to_file(&self, price: f64);","highlight_start":21,"highlight_end":38}],"label":"trait requires 2 parameters","suggested_replacement":null,"suggestion_applicability":null,"expansion":null},{"file_name":"src/main.rs","byte_start":2277,"byte_end":2282,"line_start":72,"line_end":72,"column_start":21,"column_end":26,"is_primary":true,"text":[{"text":"    fn save_to_file(&self) -> () {","highlight_start":21,"highlight_end":26}],"label":"expected 2 parameters, found 1","suggested_replacement":null,"suggestion_applicability":null,"expansion":null}],"children":[],"rendered":"\u001b[0m\u001b[1m\u001b[38;5;9merror[E0050]\u001b[0m\u001b[0m\u001b[1m: method `save_to_file` has 1 parameter but the declaration in trait `Pricing::save_to_file` has 2\u001b[0m\n\u001b[0m  \u001b[0m\u001b[0m\u001b[1m\u001b[38;5;12m--> \u001b[0m\u001b[0msrc/main.rs:72:21\u001b[0m\n\u001b[0m   \u001b[0m\u001b[0m\u001b[1m\u001b[38;5;12m|\u001b[0m\n\u001b[0m\u001b[1m\u001b[38;5;12m39\u001b[0m\u001b[0m \u001b[0m\u001b[0m\u001b[1m\u001b[38;5;12m|\u001b[0m\u001b[0m \u001b[0m\u001b[0m    fn save_to_file(&self, price: f64);\u001b[0m\n\u001b[0m   \u001b[0m\u001b[0m\u001b[1m\u001b[38;5;12m|\u001b[0m\u001b[0m                     \u001b[0m\u001b[0m\u001b[1m\u001b[38;5;12m-----------------\u001b[0m\u001b[0m \u001b[0m\u001b[0m\u001b[1m\u001b[38;5;12mtrait requires 2 parameters\u001b[0m\n\u001b[0m\u001b[1m\u001b[38;5;12m...\u001b[0m\n\u001b[0m\u001b[1m\u001b[38;5;12m72\u001b[0m\u001b[0m \u001b[0m\u001b[0m\u001b[1m\u001b[38;5;12m|\u001b[0m\u001b[0m \u001b[0m\u001b[0m    fn save_to_file(&self) -> () {\u001b[0m\n\u001b[0m   \u001b[0m\u001b[0m\u001b[1m\u001b[38;5;12m|\u001b[0m\u001b[0m                     \u001b[0m\u001b[0m\u001b[1m\u001b[38;5;9m^^^^^\u001b[0m\u001b[0m \u001b[0m\u001b[0m\u001b[1m\u001b[38;5;9mexpected 2 parameters, found 1\u001b[0m\n\n"}
{"$message_type":"diagnostic","message":"lifetime parameters or bounds on method `fetch_price` do not match the trait declaration","code":{"code":"E0195","explanation":"The lifetime parameters of the method do not match the trait declaration.\n\nErroneous code example:\n\n```compile_fail,E0195\ntrait Trait {\n    fn bar<'a,'b:'a>(x: &'a str, y: &'b str);\n}\n\nstruct Foo;\n\nimpl Trait for Foo {\n    fn bar<'a,'b>(x: &'a str, y: &'b str) {\n    // error: lifetime parameters or bounds on method `bar`\n    // do not match the trait declaration\n    }\n}\n```\n\nThe lifetime constraint `'b` for `bar()` implementation does not match the\ntrait declaration. Ensure lifetime declarations match exactly in both trait\ndeclaration and implementation. Example:\n\n```\ntrait Trait {\n    fn t<'a,'b:'a>(x: &'a str, y: &'b str);\n}\n\nstruct Foo;\n\nimpl Trait for Foo {\n    fn t<'a,'b:'a>(x: &'a str, y: &'b str) { // ok!\n    }\n}\n```\n"},"level":"error","spans":[{"file_name":"src/main.rs","byte_start":2652,"byte_end":2652,"line_start":83,"line_end":83,"column_start":19,"column_end":19,"is_primary":true,"text":[{"text":"    fn fetch_price(&self) -> f64 {","highlight_start":19,"highlight_end":19}],"label":"lifetimes do not match method in trait","suggested_replacement":null,"suggestion_applicability":null,"expansion":null},{"file_name":"src/main.rs","byte_start":944,"byte_end":962,"line_start":38,"line_end":38,"column_start":14,"column_end":32,"is_primary":false,"text":[{"text":"    async fn fetch_price(&self) -> Result<f64, reqwest::Error>;","highlight_start":14,"highlight_end":32}],"label":"lifetimes in impl do not match this method in trait","suggested_replacement":null,"suggestion_applicability":null,"expansion":null},{"file_name":"src/main.rs","byte_start":887,"byte_end":914,"line_start":36,"line_end":36,"column_start":1,"column_end":28,"is_primary":false,"text":[{"text":"#[async_trait::async_trait]","highlight_start":1,"highlight_end":28}],"label":"this bound might be missing in the impl","suggested_replacement":null,"suggestion_applicability":null,"expansion":{"span":{"file_name":"src/main.rs","byte_start":887,"byte_end":914,"line_start":36,"line_end":36,"column_start":1,"column_end":28,"is_primary":false,"text":[{"text":"#[async_trait::async_trait]","highlight_start":1,"highlight_end":28}],"label":null,"suggested_replacement":null,"suggestion_applicability":null,"expansion":null},"macro_decl_name":"#[async_trait::async_trait]","def_site_span":{"file_name":"/home/codespace/.cargo/registry/src/index.crates.io-6f17d22bba15001f/async-trait-0.1.83/src/lib.rs","byte_start":10438,"byte_end":10510,"line_start":352,"line_end":352,"column_start":1,"column_end":73,"is_primary":false,"text":[{"text":"pub fn async_trait(args: TokenStream, input: TokenStream) -> TokenStream {","highlight_start":1,"highlight_end":73}],"label":null,"suggested_replacement":null,"suggestion_applicability":null,"expansion":null}}}],"children":[],"rendered":"\u001b[0m\u001b[1m\u001b[38;5;9merror[E0195]\u001b[0m\u001b[0m\u001b[1m: lifetime parameters or bounds on method `fetch_price` do not match the trait declaration\u001b[0m\n\u001b[0m  \u001b[0m\u001b[0m\u001b[1m\u001b[38;5;12m--> \u001b[0m\u001b[0msrc/main.rs:83:19\u001b[0m\n\u001b[0m   \u001b[0m\u001b[0m\u001b[1m\u001b[38;5;12m|\u001b[0m\n\u001b[0m\u001b[1m\u001b[38;5;12m36\u001b[0m\u001b[0m \u001b[0m\u001b[0m\u001b[1m\u001b[38;5;12m|\u001b[0m\u001b[0m \u001b[0m\u001b[0m#[async_trait::async_trait]\u001b[0m\n\u001b[0m   \u001b[0m\u001b[0m\u001b[1m\u001b[38;5;12m|\u001b[0m\u001b[0m \u001b[0m\u001b[0m\u001b[1m\u001b[38;5;12m---------------------------\u001b[0m\u001b[0m \u001b[0m\u001b[0m\u001b[1m\u001b[38;5;12mthis bound might be missing in the impl\u001b[0m\n\u001b[0m\u001b[1m\u001b[38;5;12m37\u001b[0m\u001b[0m \u001b[0m\u001b[0m\u001b[1m\u001b[38;5;12m|\u001b[0m\u001b[0m \u001b[0m\u001b[0mtrait Pricing {\u001b[0m\n\u001b[0m\u001b[1m\u001b[38;5;12m38\u001b[0m\u001b[0m \u001b[0m\u001b[0m\u001b[1m\u001b[38;5;12m|\u001b[0m\u001b[0m \u001b[0m\u001b[0m    async fn fetch_price(&self) -> Result<f64, reqwest::Error>;\u001b[0m\n\u001b[0m   \u001b[0m\u001b[0m\u001b[1m\u001b[38;5;12m|\u001b[0m\u001b[0m              \u001b[0m\u001b[0m\u001b[1m\u001b[38;5;12m------------------\u001b[0m\u001b[0m \u001b[0m\u001b[0m\u001b[1m\u001b[38;5;12mlifetimes in impl do not match this method in trait\u001b[0m\n\u001b[0m\u001b[1m\u001b[38;5;12m...\u001b[0m\n\u001b[0m\u001b[1m\u001b[38;5;12m83\u001b[0m\u001b[0m \u001b[0m\u001b[0m\u001b[1m\u001b[38;5;12m|\u001b[0m\u001b[0m \u001b[0m\u001b[0m    fn fetch_price(&self) -> f64 {\u001b[0m\n\u001b[0m   \u001b[0m\u001b[0m\u001b[1m\u001b[38;5;12m|\u001b[0m\u001b[0m                   \u001b[0m\u001b[0m\u001b[1m\u001b[38;5;9m^\u001b[0m\u001b[0m \u001b[0m\u001b[0m\u001b[1m\u001b[38;5;9mlifetimes do not match method in trait\u001b[0m\n\n"}
{"$message_type":"diagnostic","message":"method `save_to_file` has 1 parameter but the declaration in trait `Pricing::save_to_file` has 2","code":{"code":"E0050","explanation":"An attempted implementation of a trait method has the wrong number of function\nparameters.\n\nErroneous code example:\n\n```compile_fail,E0050\ntrait Foo {\n    fn foo(&self, x: u8) -> bool;\n}\n\nstruct Bar;\n\n// error: method `foo` has 1 parameter but the declaration in trait `Foo::foo`\n// has 2\nimpl Foo for Bar {\n    fn foo(&self) -> bool { true }\n}\n```\n\nFor example, the `Foo` trait has a method `foo` with two function parameters\n(`&self` and `u8`), but the implementation of `foo` for the type `Bar` omits\nthe `u8` parameter. To fix this error, they must have the same parameters:\n\n```\ntrait Foo {\n    fn foo(&self, x: u8) -> bool;\n}\n\nstruct Bar;\n\nimpl Foo for Bar {\n    fn foo(&self, x: u8) -> bool { // ok!\n        true\n    }\n}\n```\n"},"level":"error","spans":[{"file_name":"src/main.rs","byte_start":1015,"byte_end":1032,"line_start":39,"line_end":39,"column_start":21,"column_end":38,"is_primary":false,"text":[{"text":"    fn save_to_file(&self, price: f64);","highlight_start":21,"highlight_end":38}],"label":"trait requires 2 parameters","suggested_replacement":null,"suggestion_applicability":null,"expansion":null},{"file_name":"src/main.rs","byte_start":3090,"byte_end":3095,"line_start":92,"line_end":92,"column_start":21,"column_end":26,"is_primary":true,"text":[{"text":"    fn save_to_file(&self) -> () {","highlight_start":21,"highlight_end":26}],"label":"expected 2 parameters, found 1","suggested_replacement":null,"suggestion_applicability":null,"expansion":null}],"children":[],"rendered":"\u001b[0m\u001b[1m\u001b[38;5;9merror[E0050]\u001b[0m\u001b[0m\u001b[1m: method `save_to_file` has 1 parameter but the declaration in trait `Pricing::save_to_file` has 2\u001b[0m\n\u001b[0m  \u001b[0m\u001b[0m\u001b[1m\u001b[38;5;12m--> \u001b[0m\u001b[0msrc/main.rs:92:21\u001b[0m\n\u001b[0m   \u001b[0m\u001b[0m\u001b[1m\u001b[38;5;12m|\u001b[0m\n\u001b[0m\u001b[1m\u001b[38;5;12m39\u001b[0m\u001b[0m \u001b[0m\u001b[0m\u001b[1m\u001b[38;5;12m|\u001b[0m\u001b[0m \u001b[0m\u001b[0m    fn save_to_file(&self, price: f64);\u001b[0m\n\u001b[0m   \u001b[0m\u001b[0m\u001b[1m\u001b[38;5;12m|\u001b[0m\u001b[0m                     \u001b[0m\u001b[0m\u001b[1m\u001b[38;5;12m-----------------\u001b[0m\u001b[0m \u001b[0m\u001b[0m\u001b[1m\u001b[38;5;12mtrait requires 2 parameters\u001b[0m\n\u001b[0m\u001b[1m\u001b[38;5;12m...\u001b[0m\n\u001b[0m\u001b[1m\u001b[38;5;12m92\u001b[0m\u001b[0m \u001b[0m\u001b[0m\u001b[1m\u001b[38;5;12m|\u001b[0m\u001b[0m \u001b[0m\u001b[0m    fn save_to_file(&self) -> () {\u001b[0m\n\u001b[0m   \u001b[0m\u001b[0m\u001b[1m\u001b[38;5;12m|\u001b[0m\u001b[0m                     \u001b[0m\u001b[0m\u001b[1m\u001b[38;5;9m^^^^^\u001b[0m\u001b[0m \u001b[0m\u001b[0m\u001b[1m\u001b[38;5;9mexpected 2 parameters, found 1\u001b[0m\n\n"}
{"$message_type":"diagnostic","message":"no method named `into_string` found for enum `Result` in the current scope","code":{"code":"E0599","explanation":"This error occurs when a method is used on a type which doesn't implement it:\n\nErroneous code example:\n\n```compile_fail,E0599\nstruct Mouth;\n\nlet x = Mouth;\nx.chocolate(); // error: no method named `chocolate` found for type `Mouth`\n               //        in the current scope\n```\n\nIn this case, you need to implement the `chocolate` method to fix the error:\n\n```\nstruct Mouth;\n\nimpl Mouth {\n    fn chocolate(&self) { // We implement the `chocolate` method here.\n        println!(\"Hmmm! I love chocolate!\");\n    }\n}\n\nlet x = Mouth;\nx.chocolate(); // ok!\n```\n"},"level":"error","spans":[{"file_name":"src/main.rs","byte_start":2064,"byte_end":2075,"line_start":66,"line_end":66,"column_start":29,"column_end":40,"is_primary":true,"text":[{"text":"        let body = response.into_string().unwrap();","highlight_start":29,"highlight_end":40}],"label":"method not found in `Result<Response, Error>`","suggested_replacement":null,"suggestion_applicability":null,"expansion":null}],"children":[{"message":"the method `into_string` exists on the type `ureq::Response`","code":null,"level":"note","spans":[{"file_name":"/home/codespace/.cargo/registry/src/index.crates.io-6f17d22bba15001f/ureq-2.10.1/src/response.rs","byte_start":16692,"byte_end":16738,"line_start":456,"line_end":456,"column_start":5,"column_end":51,"is_primary":true,"text":[{"text":"    pub fn into_string(self) -> io::Result<String> {","highlight_start":5,"highlight_end":51}],"label":null,"suggested_replacement":null,"suggestion_applicability":null,"expansion":null}],"children":[],"rendered":null},{"message":"consider using `Result::expect` to unwrap the `ureq::Response` value, panicking if the value is a `Result::Err`","code":null,"level":"help","spans":[{"file_name":"src/main.rs","byte_start":2063,"byte_end":2063,"line_start":66,"line_end":66,"column_start":28,"column_end":28,"is_primary":true,"text":[{"text":"        let body = response.into_string().unwrap();","highlight_start":28,"highlight_end":28}],"label":null,"suggested_replacement":".expect(\"REASON\")","suggestion_applicability":"HasPlaceholders","expansion":null}],"children":[],"rendered":null}],"rendered":"\u001b[0m\u001b[1m\u001b[38;5;9merror[E0599]\u001b[0m\u001b[0m\u001b[1m: no method named `into_string` found for enum `Result` in the current scope\u001b[0m\n\u001b[0m   \u001b[0m\u001b[0m\u001b[1m\u001b[38;5;12m--> \u001b[0m\u001b[0msrc/main.rs:66:29\u001b[0m\n\u001b[0m    \u001b[0m\u001b[0m\u001b[1m\u001b[38;5;12m|\u001b[0m\n\u001b[0m\u001b[1m\u001b[38;5;12m66\u001b[0m\u001b[0m  \u001b[0m\u001b[0m\u001b[1m\u001b[38;5;12m|\u001b[0m\u001b[0m \u001b[0m\u001b[0m        let body = response.into_string().unwrap();\u001b[0m\n\u001b[0m    \u001b[0m\u001b[0m\u001b[1m\u001b[38;5;12m|\u001b[0m\u001b[0m                             \u001b[0m\u001b[0m\u001b[1m\u001b[38;5;9m^^^^^^^^^^^\u001b[0m\u001b[0m \u001b[0m\u001b[0m\u001b[1m\u001b[38;5;9mmethod not found in `Result<Response, Error>`\u001b[0m\n\u001b[0m    \u001b[0m\u001b[0m\u001b[1m\u001b[38;5;12m|\u001b[0m\n\u001b[0m\u001b[1m\u001b[38;5;10mnote\u001b[0m\u001b[0m: the method `into_string` exists on the type `ureq::Response`\u001b[0m\n\u001b[0m   \u001b[0m\u001b[0m\u001b[1m\u001b[38;5;12m--> \u001b[0m\u001b[0m/home/codespace/.cargo/registry/src/index.crates.io-6f17d22bba15001f/ureq-2.10.1/src/response.rs:456:5\u001b[0m\n\u001b[0m    \u001b[0m\u001b[0m\u001b[1m\u001b[38;5;12m|\u001b[0m\n\u001b[0m\u001b[1m\u001b[38;5;12m456\u001b[0m\u001b[0m \u001b[0m\u001b[0m\u001b[1m\u001b[38;5;12m|\u001b[0m\u001b[0m \u001b[0m\u001b[0m    pub fn into_string(self) -> io::Result<String> {\u001b[0m\n\u001b[0m    \u001b[0m\u001b[0m\u001b[1m\u001b[38;5;12m|\u001b[0m\u001b[0m     \u001b[0m\u001b[0m\u001b[1m\u001b[38;5;10m^^^^^^^^^^^^^^^^^^^^^^^^^^^^^^^^^^^^^^^^^^^^^^\u001b[0m\n\u001b[0m\u001b[1m\u001b[38;5;14mhelp\u001b[0m\u001b[0m: consider using `Result::expect` to unwrap the `ureq::Response` value, panicking if the value is a `Result::Err`\u001b[0m\n\u001b[0m    \u001b[0m\u001b[0m\u001b[1m\u001b[38;5;12m|\u001b[0m\n\u001b[0m\u001b[1m\u001b[38;5;12m66\u001b[0m\u001b[0m  \u001b[0m\u001b[0m\u001b[1m\u001b[38;5;12m| \u001b[0m\u001b[0m        let body = response\u001b[0m\u001b[0m\u001b[38;5;10m.expect(\"REASON\")\u001b[0m\u001b[0m.into_string().unwrap();\u001b[0m\n\u001b[0m    \u001b[0m\u001b[0m\u001b[1m\u001b[38;5;12m|\u001b[0m\u001b[0m                            \u001b[0m\u001b[0m\u001b[38;5;10m+++++++++++++++++\u001b[0m\n\n"}
{"$message_type":"diagnostic","message":"mismatched types","code":{"code":"E0308","explanation":"Expected type did not match the received type.\n\nErroneous code examples:\n\n```compile_fail,E0308\nfn plus_one(x: i32) -> i32 {\n    x + 1\n}\n\nplus_one(\"Not a number\");\n//       ^^^^^^^^^^^^^^ expected `i32`, found `&str`\n\nif \"Not a bool\" {\n// ^^^^^^^^^^^^ expected `bool`, found `&str`\n}\n\nlet x: f32 = \"Not a float\";\n//     ---   ^^^^^^^^^^^^^ expected `f32`, found `&str`\n//     |\n//     expected due to this\n```\n\nThis error occurs when an expression was used in a place where the compiler\nexpected an expression of a different type. It can occur in several cases, the\nmost common being when calling a function and passing an argument which has a\ndifferent type than the matching type in the function declaration.\n"},"level":"error","spans":[{"file_name":"src/main.rs","byte_start":2419,"byte_end":2424,"line_start":75,"line_end":75,"column_start":35,"column_end":40,"is_primary":true,"text":[{"text":"        let ethereum = Ethereum { price, time };","highlight_start":35,"highlight_end":40}],"label":"expected `f64`, found `Pin<Box<...>>`","suggested_replacement":null,"suggestion_applicability":null,"expansion":null}],"children":[{"message":"expected type `f64`\n found struct `Pin<Box<dyn Future<Output = Result<f64, reqwest::Error>> + Send>>`","code":null,"level":"note","spans":[],"children":[],"rendered":null}],"rendered":"\u001b[0m\u001b[1m\u001b[38;5;9merror[E0308]\u001b[0m\u001b[0m\u001b[1m: mismatched types\u001b[0m\n\u001b[0m  \u001b[0m\u001b[0m\u001b[1m\u001b[38;5;12m--> \u001b[0m\u001b[0msrc/main.rs:75:35\u001b[0m\n\u001b[0m   \u001b[0m\u001b[0m\u001b[1m\u001b[38;5;12m|\u001b[0m\n\u001b[0m\u001b[1m\u001b[38;5;12m75\u001b[0m\u001b[0m \u001b[0m\u001b[0m\u001b[1m\u001b[38;5;12m|\u001b[0m\u001b[0m \u001b[0m\u001b[0m        let ethereum = Ethereum { price, time };\u001b[0m\n\u001b[0m   \u001b[0m\u001b[0m\u001b[1m\u001b[38;5;12m|\u001b[0m\u001b[0m                                   \u001b[0m\u001b[0m\u001b[1m\u001b[38;5;9m^^^^^\u001b[0m\u001b[0m \u001b[0m\u001b[0m\u001b[1m\u001b[38;5;9mexpected `f64`, found `Pin<Box<...>>`\u001b[0m\n\u001b[0m   \u001b[0m\u001b[0m\u001b[1m\u001b[38;5;12m|\u001b[0m\n\u001b[0m   \u001b[0m\u001b[0m\u001b[1m\u001b[38;5;12m= \u001b[0m\u001b[0m\u001b[1mnote\u001b[0m\u001b[0m: expected type `\u001b[0m\u001b[0m\u001b[1m\u001b[35mf64\u001b[0m\u001b[0m`\u001b[0m\n\u001b[0m            found struct `\u001b[0m\u001b[0m\u001b[1m\u001b[35mPin<Box<dyn Future<Output = Result<f64, reqwest::Error>> + Send>>\u001b[0m\u001b[0m`\u001b[0m\n\n"}
{"$message_type":"diagnostic","message":"no method named `into_string` found for enum `Result` in the current scope","code":{"code":"E0599","explanation":"This error occurs when a method is used on a type which doesn't implement it:\n\nErroneous code example:\n\n```compile_fail,E0599\nstruct Mouth;\n\nlet x = Mouth;\nx.chocolate(); // error: no method named `chocolate` found for type `Mouth`\n               //        in the current scope\n```\n\nIn this case, you need to implement the `chocolate` method to fix the error:\n\n```\nstruct Mouth;\n\nimpl Mouth {\n    fn chocolate(&self) { // We implement the `chocolate` method here.\n        println!(\"Hmmm! I love chocolate!\");\n    }\n}\n\nlet x = Mouth;\nx.chocolate(); // ok!\n```\n"},"level":"error","spans":[{"file_name":"src/main.rs","byte_start":2877,"byte_end":2888,"line_start":86,"line_end":86,"column_start":29,"column_end":40,"is_primary":true,"text":[{"text":"        let body = response.into_string().unwrap();","highlight_start":29,"highlight_end":40}],"label":"method not found in `Result<Response, Error>`","suggested_replacement":null,"suggestion_applicability":null,"expansion":null}],"children":[{"message":"the method `into_string` exists on the type `ureq::Response`","code":null,"level":"note","spans":[{"file_name":"/home/codespace/.cargo/registry/src/index.crates.io-6f17d22bba15001f/ureq-2.10.1/src/response.rs","byte_start":16692,"byte_end":16738,"line_start":456,"line_end":456,"column_start":5,"column_end":51,"is_primary":true,"text":[{"text":"    pub fn into_string(self) -> io::Result<String> {","highlight_start":5,"highlight_end":51}],"label":null,"suggested_replacement":null,"suggestion_applicability":null,"expansion":null}],"children":[],"rendered":null},{"message":"consider using `Result::expect` to unwrap the `ureq::Response` value, panicking if the value is a `Result::Err`","code":null,"level":"help","spans":[{"file_name":"src/main.rs","byte_start":2876,"byte_end":2876,"line_start":86,"line_end":86,"column_start":28,"column_end":28,"is_primary":true,"text":[{"text":"        let body = response.into_string().unwrap();","highlight_start":28,"highlight_end":28}],"label":null,"suggested_replacement":".expect(\"REASON\")","suggestion_applicability":"HasPlaceholders","expansion":null}],"children":[],"rendered":null}],"rendered":"\u001b[0m\u001b[1m\u001b[38;5;9merror[E0599]\u001b[0m\u001b[0m\u001b[1m: no method named `into_string` found for enum `Result` in the current scope\u001b[0m\n\u001b[0m   \u001b[0m\u001b[0m\u001b[1m\u001b[38;5;12m--> \u001b[0m\u001b[0msrc/main.rs:86:29\u001b[0m\n\u001b[0m    \u001b[0m\u001b[0m\u001b[1m\u001b[38;5;12m|\u001b[0m\n\u001b[0m\u001b[1m\u001b[38;5;12m86\u001b[0m\u001b[0m  \u001b[0m\u001b[0m\u001b[1m\u001b[38;5;12m|\u001b[0m\u001b[0m \u001b[0m\u001b[0m        let body = response.into_string().unwrap();\u001b[0m\n\u001b[0m    \u001b[0m\u001b[0m\u001b[1m\u001b[38;5;12m|\u001b[0m\u001b[0m                             \u001b[0m\u001b[0m\u001b[1m\u001b[38;5;9m^^^^^^^^^^^\u001b[0m\u001b[0m \u001b[0m\u001b[0m\u001b[1m\u001b[38;5;9mmethod not found in `Result<Response, Error>`\u001b[0m\n\u001b[0m    \u001b[0m\u001b[0m\u001b[1m\u001b[38;5;12m|\u001b[0m\n\u001b[0m\u001b[1m\u001b[38;5;10mnote\u001b[0m\u001b[0m: the method `into_string` exists on the type `ureq::Response`\u001b[0m\n\u001b[0m   \u001b[0m\u001b[0m\u001b[1m\u001b[38;5;12m--> \u001b[0m\u001b[0m/home/codespace/.cargo/registry/src/index.crates.io-6f17d22bba15001f/ureq-2.10.1/src/response.rs:456:5\u001b[0m\n\u001b[0m    \u001b[0m\u001b[0m\u001b[1m\u001b[38;5;12m|\u001b[0m\n\u001b[0m\u001b[1m\u001b[38;5;12m456\u001b[0m\u001b[0m \u001b[0m\u001b[0m\u001b[1m\u001b[38;5;12m|\u001b[0m\u001b[0m \u001b[0m\u001b[0m    pub fn into_string(self) -> io::Result<String> {\u001b[0m\n\u001b[0m    \u001b[0m\u001b[0m\u001b[1m\u001b[38;5;12m|\u001b[0m\u001b[0m     \u001b[0m\u001b[0m\u001b[1m\u001b[38;5;10m^^^^^^^^^^^^^^^^^^^^^^^^^^^^^^^^^^^^^^^^^^^^^^\u001b[0m\n\u001b[0m\u001b[1m\u001b[38;5;14mhelp\u001b[0m\u001b[0m: consider using `Result::expect` to unwrap the `ureq::Response` value, panicking if the value is a `Result::Err`\u001b[0m\n\u001b[0m    \u001b[0m\u001b[0m\u001b[1m\u001b[38;5;12m|\u001b[0m\n\u001b[0m\u001b[1m\u001b[38;5;12m86\u001b[0m\u001b[0m  \u001b[0m\u001b[0m\u001b[1m\u001b[38;5;12m| \u001b[0m\u001b[0m        let body = response\u001b[0m\u001b[0m\u001b[38;5;10m.expect(\"REASON\")\u001b[0m\u001b[0m.into_string().unwrap();\u001b[0m\n\u001b[0m    \u001b[0m\u001b[0m\u001b[1m\u001b[38;5;12m|\u001b[0m\u001b[0m                            \u001b[0m\u001b[0m\u001b[38;5;10m+++++++++++++++++\u001b[0m\n\n"}
{"$message_type":"diagnostic","message":"mismatched types","code":{"code":"E0308","explanation":"Expected type did not match the received type.\n\nErroneous code examples:\n\n```compile_fail,E0308\nfn plus_one(x: i32) -> i32 {\n    x + 1\n}\n\nplus_one(\"Not a number\");\n//       ^^^^^^^^^^^^^^ expected `i32`, found `&str`\n\nif \"Not a bool\" {\n// ^^^^^^^^^^^^ expected `bool`, found `&str`\n}\n\nlet x: f32 = \"Not a float\";\n//     ---   ^^^^^^^^^^^^^ expected `f32`, found `&str`\n//     |\n//     expected due to this\n```\n\nThis error occurs when an expression was used in a place where the compiler\nexpected an expression of a different type. It can occur in several cases, the\nmost common being when calling a function and passing an argument which has a\ndifferent type than the matching type in the function declaration.\n"},"level":"error","spans":[{"file_name":"src/main.rs","byte_start":3226,"byte_end":3231,"line_start":95,"line_end":95,"column_start":29,"column_end":34,"is_primary":true,"text":[{"text":"        let sp500 = SP500 { price, time };","highlight_start":29,"highlight_end":34}],"label":"expected `f64`, found `Pin<Box<...>>`","suggested_replacement":null,"suggestion_applicability":null,"expansion":null}],"children":[{"message":"expected type `f64`\n found struct `Pin<Box<dyn Future<Output = Result<f64, reqwest::Error>> + Send>>`","code":null,"level":"note","spans":[],"children":[],"rendered":null}],"rendered":"\u001b[0m\u001b[1m\u001b[38;5;9merror[E0308]\u001b[0m\u001b[0m\u001b[1m: mismatched types\u001b[0m\n\u001b[0m  \u001b[0m\u001b[0m\u001b[1m\u001b[38;5;12m--> \u001b[0m\u001b[0msrc/main.rs:95:29\u001b[0m\n\u001b[0m   \u001b[0m\u001b[0m\u001b[1m\u001b[38;5;12m|\u001b[0m\n\u001b[0m\u001b[1m\u001b[38;5;12m95\u001b[0m\u001b[0m \u001b[0m\u001b[0m\u001b[1m\u001b[38;5;12m|\u001b[0m\u001b[0m \u001b[0m\u001b[0m        let sp500 = SP500 { price, time };\u001b[0m\n\u001b[0m   \u001b[0m\u001b[0m\u001b[1m\u001b[38;5;12m|\u001b[0m\u001b[0m                             \u001b[0m\u001b[0m\u001b[1m\u001b[38;5;9m^^^^^\u001b[0m\u001b[0m \u001b[0m\u001b[0m\u001b[1m\u001b[38;5;9mexpected `f64`, found `Pin<Box<...>>`\u001b[0m\n\u001b[0m   \u001b[0m\u001b[0m\u001b[1m\u001b[38;5;12m|\u001b[0m\n\u001b[0m   \u001b[0m\u001b[0m\u001b[1m\u001b[38;5;12m= \u001b[0m\u001b[0m\u001b[1mnote\u001b[0m\u001b[0m: expected type `\u001b[0m\u001b[0m\u001b[1m\u001b[35mf64\u001b[0m\u001b[0m`\u001b[0m\n\u001b[0m            found struct `\u001b[0m\u001b[0m\u001b[1m\u001b[35mPin<Box<dyn Future<Output = Result<f64, reqwest::Error>> + Send>>\u001b[0m\u001b[0m`\u001b[0m\n\n"}
{"$message_type":"diagnostic","message":"missing fields `price` and `time` in initializer of `Bitcoin`","code":{"code":"E0063","explanation":"A struct's or struct-like enum variant's field was not provided.\n\nErroneous code example:\n\n```compile_fail,E0063\nstruct Foo {\n    x: i32,\n    y: i32,\n}\n\nfn main() {\n    let x = Foo { x: 0 }; // error: missing field: `y`\n}\n```\n\nEach field should be specified exactly once. Example:\n\n```\nstruct Foo {\n    x: i32,\n    y: i32,\n}\n\nfn main() {\n    let x = Foo { x: 0, y: 0 }; // ok!\n}\n```\n"},"level":"error","spans":[{"file_name":"src/main.rs","byte_start":3559,"byte_end":3566,"line_start":110,"line_end":110,"column_start":18,"column_end":25,"is_primary":true,"text":[{"text":"        Box::new(Bitcoin {}),","highlight_start":18,"highlight_end":25}],"label":"missing `price` and `time`","suggested_replacement":null,"suggestion_applicability":null,"expansion":null}],"children":[],"rendered":"\u001b[0m\u001b[1m\u001b[38;5;9merror[E0063]\u001b[0m\u001b[0m\u001b[1m: missing fields `price` and `time` in initializer of `Bitcoin`\u001b[0m\n\u001b[0m   \u001b[0m\u001b[0m\u001b[1m\u001b[38;5;12m--> \u001b[0m\u001b[0msrc/main.rs:110:18\u001b[0m\n\u001b[0m    \u001b[0m\u001b[0m\u001b[1m\u001b[38;5;12m|\u001b[0m\n\u001b[0m\u001b[1m\u001b[38;5;12m110\u001b[0m\u001b[0m \u001b[0m\u001b[0m\u001b[1m\u001b[38;5;12m|\u001b[0m\u001b[0m \u001b[0m\u001b[0m        Box::new(Bitcoin {}),\u001b[0m\n\u001b[0m    \u001b[0m\u001b[0m\u001b[1m\u001b[38;5;12m|\u001b[0m\u001b[0m                  \u001b[0m\u001b[0m\u001b[1m\u001b[38;5;9m^^^^^^^\u001b[0m\u001b[0m \u001b[0m\u001b[0m\u001b[1m\u001b[38;5;9mmissing `price` and `time`\u001b[0m\n\n"}
{"$message_type":"diagnostic","message":"missing fields `price` and `time` in initializer of `Ethereum`","code":{"code":"E0063","explanation":"A struct's or struct-like enum variant's field was not provided.\n\nErroneous code example:\n\n```compile_fail,E0063\nstruct Foo {\n    x: i32,\n    y: i32,\n}\n\nfn main() {\n    let x = Foo { x: 0 }; // error: missing field: `y`\n}\n```\n\nEach field should be specified exactly once. Example:\n\n```\nstruct Foo {\n    x: i32,\n    y: i32,\n}\n\nfn main() {\n    let x = Foo { x: 0, y: 0 }; // ok!\n}\n```\n"},"level":"error","spans":[{"file_name":"src/main.rs","byte_start":3589,"byte_end":3597,"line_start":111,"line_end":111,"column_start":18,"column_end":26,"is_primary":true,"text":[{"text":"        Box::new(Ethereum {}),","highlight_start":18,"highlight_end":26}],"label":"missing `price` and `time`","suggested_replacement":null,"suggestion_applicability":null,"expansion":null}],"children":[],"rendered":"\u001b[0m\u001b[1m\u001b[38;5;9merror[E0063]\u001b[0m\u001b[0m\u001b[1m: missing fields `price` and `time` in initializer of `Ethereum`\u001b[0m\n\u001b[0m   \u001b[0m\u001b[0m\u001b[1m\u001b[38;5;12m--> \u001b[0m\u001b[0msrc/main.rs:111:18\u001b[0m\n\u001b[0m    \u001b[0m\u001b[0m\u001b[1m\u001b[38;5;12m|\u001b[0m\n\u001b[0m\u001b[1m\u001b[38;5;12m111\u001b[0m\u001b[0m \u001b[0m\u001b[0m\u001b[1m\u001b[38;5;12m|\u001b[0m\u001b[0m \u001b[0m\u001b[0m        Box::new(Ethereum {}),\u001b[0m\n\u001b[0m    \u001b[0m\u001b[0m\u001b[1m\u001b[38;5;12m|\u001b[0m\u001b[0m                  \u001b[0m\u001b[0m\u001b[1m\u001b[38;5;9m^^^^^^^^\u001b[0m\u001b[0m \u001b[0m\u001b[0m\u001b[1m\u001b[38;5;9mmissing `price` and `time`\u001b[0m\n\n"}
{"$message_type":"diagnostic","message":"missing fields `price` and `time` in initializer of `SP500`","code":{"code":"E0063","explanation":"A struct's or struct-like enum variant's field was not provided.\n\nErroneous code example:\n\n```compile_fail,E0063\nstruct Foo {\n    x: i32,\n    y: i32,\n}\n\nfn main() {\n    let x = Foo { x: 0 }; // error: missing field: `y`\n}\n```\n\nEach field should be specified exactly once. Example:\n\n```\nstruct Foo {\n    x: i32,\n    y: i32,\n}\n\nfn main() {\n    let x = Foo { x: 0, y: 0 }; // ok!\n}\n```\n"},"level":"error","spans":[{"file_name":"src/main.rs","byte_start":3620,"byte_end":3625,"line_start":112,"line_end":112,"column_start":18,"column_end":23,"is_primary":true,"text":[{"text":"        Box::new(SP500 {}),","highlight_start":18,"highlight_end":23}],"label":"missing `price` and `time`","suggested_replacement":null,"suggestion_applicability":null,"expansion":null}],"children":[],"rendered":"\u001b[0m\u001b[1m\u001b[38;5;9merror[E0063]\u001b[0m\u001b[0m\u001b[1m: missing fields `price` and `time` in initializer of `SP500`\u001b[0m\n\u001b[0m   \u001b[0m\u001b[0m\u001b[1m\u001b[38;5;12m--> \u001b[0m\u001b[0msrc/main.rs:112:18\u001b[0m\n\u001b[0m    \u001b[0m\u001b[0m\u001b[1m\u001b[38;5;12m|\u001b[0m\n\u001b[0m\u001b[1m\u001b[38;5;12m112\u001b[0m\u001b[0m \u001b[0m\u001b[0m\u001b[1m\u001b[38;5;12m|\u001b[0m\u001b[0m \u001b[0m\u001b[0m        Box::new(SP500 {}),\u001b[0m\n\u001b[0m    \u001b[0m\u001b[0m\u001b[1m\u001b[38;5;12m|\u001b[0m\u001b[0m                  \u001b[0m\u001b[0m\u001b[1m\u001b[38;5;9m^^^^^\u001b[0m\u001b[0m \u001b[0m\u001b[0m\u001b[1m\u001b[38;5;9mmissing `price` and `time`\u001b[0m\n\n"}
{"$message_type":"diagnostic","message":"this method takes 1 argument but 0 arguments were supplied","code":{"code":"E0061","explanation":"An invalid number of arguments was passed when calling a function.\n\nErroneous code example:\n\n```compile_fail,E0061\nfn f(u: i32) {}\n\nf(); // error!\n```\n\nThe number of arguments passed to a function must match the number of arguments\nspecified in the function signature.\n\nFor example, a function like:\n\n```\nfn f(a: u16, b: &str) {}\n```\n\nMust always be called with exactly two arguments, e.g., `f(2, \"test\")`.\n\nNote that Rust does not have a notion of optional function arguments or\nvariadic functions (except for its C-FFI).\n"},"level":"error","spans":[{"file_name":"src/main.rs","byte_start":3857,"byte_end":3859,"line_start":119,"line_end":119,"column_start":31,"column_end":33,"is_primary":false,"text":[{"text":"            asset.save_to_file();","highlight_start":31,"highlight_end":33}],"label":"argument #1 of type `f64` is missing","suggested_replacement":null,"suggestion_applicability":null,"expansion":null},{"file_name":"src/main.rs","byte_start":3845,"byte_end":3857,"line_start":119,"line_end":119,"column_start":19,"column_end":31,"is_primary":true,"text":[{"text":"            asset.save_to_file();","highlight_start":19,"highlight_end":31}],"label":null,"suggested_replacement":null,"suggestion_applicability":null,"expansion":null}],"children":[{"message":"method defined here","code":null,"level":"note","spans":[{"file_name":"src/main.rs","byte_start":1002,"byte_end":1014,"line_start":39,"line_end":39,"column_start":8,"column_end":20,"is_primary":true,"text":[{"text":"    fn save_to_file(&self, price: f64);","highlight_start":8,"highlight_end":20}],"label":null,"suggested_replacement":null,"suggestion_applicability":null,"expansion":null}],"children":[],"rendered":null},{"message":"provide the argument","code":null,"level":"help","spans":[{"file_name":"src/main.rs","byte_start":3857,"byte_end":3859,"line_start":119,"line_end":119,"column_start":31,"column_end":33,"is_primary":true,"text":[{"text":"            asset.save_to_file();","highlight_start":31,"highlight_end":33}],"label":null,"suggested_replacement":"(/* f64 */)","suggestion_applicability":"HasPlaceholders","expansion":null}],"children":[],"rendered":null}],"rendered":"\u001b[0m\u001b[1m\u001b[38;5;9merror[E0061]\u001b[0m\u001b[0m\u001b[1m: this method takes 1 argument but 0 arguments were supplied\u001b[0m\n\u001b[0m   \u001b[0m\u001b[0m\u001b[1m\u001b[38;5;12m--> \u001b[0m\u001b[0msrc/main.rs:119:19\u001b[0m\n\u001b[0m    \u001b[0m\u001b[0m\u001b[1m\u001b[38;5;12m|\u001b[0m\n\u001b[0m\u001b[1m\u001b[38;5;12m119\u001b[0m\u001b[0m \u001b[0m\u001b[0m\u001b[1m\u001b[38;5;12m|\u001b[0m\u001b[0m \u001b[0m\u001b[0m            asset.save_to_file();\u001b[0m\n\u001b[0m    \u001b[0m\u001b[0m\u001b[1m\u001b[38;5;12m|\u001b[0m\u001b[0m                   \u001b[0m\u001b[0m\u001b[1m\u001b[38;5;9m^^^^^^^^^^^^\u001b[0m\u001b[0m\u001b[1m\u001b[38;5;12m--\u001b[0m\u001b[0m \u001b[0m\u001b[0m\u001b[1m\u001b[38;5;12margument #1 of type `f64` is missing\u001b[0m\n\u001b[0m    \u001b[0m\u001b[0m\u001b[1m\u001b[38;5;12m|\u001b[0m\n\u001b[0m\u001b[1m\u001b[38;5;10mnote\u001b[0m\u001b[0m: method defined here\u001b[0m\n\u001b[0m   \u001b[0m\u001b[0m\u001b[1m\u001b[38;5;12m--> \u001b[0m\u001b[0msrc/main.rs:39:8\u001b[0m\n\u001b[0m    \u001b[0m\u001b[0m\u001b[1m\u001b[38;5;12m|\u001b[0m\n\u001b[0m\u001b[1m\u001b[38;5;12m39\u001b[0m\u001b[0m  \u001b[0m\u001b[0m\u001b[1m\u001b[38;5;12m|\u001b[0m\u001b[0m \u001b[0m\u001b[0m    fn save_to_file(&self, price: f64);\u001b[0m\n\u001b[0m    \u001b[0m\u001b[0m\u001b[1m\u001b[38;5;12m|\u001b[0m\u001b[0m        \u001b[0m\u001b[0m\u001b[1m\u001b[38;5;10m^^^^^^^^^^^^\u001b[0m\n\u001b[0m\u001b[1m\u001b[38;5;14mhelp\u001b[0m\u001b[0m: provide the argument\u001b[0m\n\u001b[0m    \u001b[0m\u001b[0m\u001b[1m\u001b[38;5;12m|\u001b[0m\n\u001b[0m\u001b[1m\u001b[38;5;12m119\u001b[0m\u001b[0m \u001b[0m\u001b[0m\u001b[1m\u001b[38;5;12m| \u001b[0m\u001b[0m            asset.save_to_file\u001b[0m\u001b[0m\u001b[38;5;10m(/* f64 */)\u001b[0m\u001b[0m;\u001b[0m\n\u001b[0m    \u001b[0m\u001b[0m\u001b[1m\u001b[38;5;12m|\u001b[0m\u001b[0m                               \u001b[0m\u001b[0m\u001b[38;5;10m~~~~~~~~~~~\u001b[0m\n\n"}
{"$message_type":"diagnostic","message":"aborting due to 16 previous errors; 3 warnings emitted","code":null,"level":"error","spans":[],"children":[],"rendered":"\u001b[0m\u001b[1m\u001b[38;5;9merror\u001b[0m\u001b[0m\u001b[1m: aborting due to 16 previous errors; 3 warnings emitted\u001b[0m\n\n"}
{"$message_type":"diagnostic","message":"Some errors have detailed explanations: E0050, E0061, E0063, E0195, E0308, E0432, E0433, E0599.","code":null,"level":"failure-note","spans":[],"children":[],"rendered":"\u001b[0m\u001b[1mSome errors have detailed explanations: E0050, E0061, E0063, E0195, E0308, E0432, E0433, E0599.\u001b[0m\n"}
{"$message_type":"diagnostic","message":"For more information about an error, try `rustc --explain E0050`.","code":null,"level":"failure-note","spans":[],"children":[],"rendered":"\u001b[0m\u001b[1mFor more information about an error, try `rustc --explain E0050`.\u001b[0m\n"}
